2025-04-02 12:56:50,446 - DEBUG - Logger initialized.
2025-04-02 12:56:50,456 - ERROR - [Error] 'numpy.ndarray' object has no attribute 'empty'
2025-04-02 13:03:34,796 - DEBUG - hypothesis_tool - setup_logger:30 - Logger initialized.
2025-04-02 13:03:34,804 - ERROR - hypothesis_tool - main:59 - [Error] 'numpy.ndarray' object has no attribute 'empty'
2025-04-02 13:04:10,563 - DEBUG - hypothesis_tool - setup_logger:30 - Logger initialized.
2025-04-02 13:04:10,644 - INFO - hypothesis_tool - validate_and_clean:42 - Cleaned data saved to input1-Dec1-24-all_cleaned.csv
2025-04-02 13:04:10,741 - INFO - hypothesis_tool - validate_and_clean:42 - Cleaned data saved to input2-Jan07-25-all_cleaned.csv
2025-04-02 13:04:10,768 - INFO - hypothesis_tool - run_descriptive_analysis:55 - Descriptive analysis completed for input1-Dec1-24-all_cleaned.csv
2025-04-02 13:04:10,801 - INFO - hypothesis_tool - run_descriptive_analysis:55 - Descriptive analysis completed for input2-Jan07-25-all_cleaned.csv
2025-04-02 13:04:10,823 - INFO - hypothesis_tool - generate_sample:66 - Sample of size 5000 saved to input1-Dec1-24-all_sample.csv
2025-04-02 13:04:10,845 - INFO - hypothesis_tool - generate_sample:66 - Sample of size 5000 saved to input2-Jan07-25-all_sample.csv
2025-04-02 13:04:10,845 - INFO - hypothesis_tool - run_bootstrap_test:67 - Starting bootstrapping for both samples...
2025-04-02 13:04:10,845 - ERROR - hypothesis_tool - main:59 - [Error] could not convert string to float: 'input1-Dec1-24-all_sample.csv'
2025-04-02 13:06:21,761 - DEBUG - hypothesis_tool - setup_logger:30 - Logger initialized.
2025-04-02 13:06:21,812 - INFO - hypothesis_tool - validate_and_clean:42 - Cleaned data saved to input1-Dec1-24-all_cleaned.csv
2025-04-02 13:06:21,901 - INFO - hypothesis_tool - validate_and_clean:42 - Cleaned data saved to input2-Jan07-25-all_cleaned.csv
2025-04-02 13:06:21,948 - INFO - hypothesis_tool - run_descriptive_analysis:55 - Descriptive analysis completed for input1-Dec1-24-all_cleaned.csv
2025-04-02 13:06:21,984 - INFO - hypothesis_tool - run_descriptive_analysis:55 - Descriptive analysis completed for input2-Jan07-25-all_cleaned.csv
2025-04-02 13:06:21,998 - INFO - hypothesis_tool - generate_sample:66 - Sample of size 5000 saved to input1-Dec1-24-all_sample.csv
2025-04-02 13:06:22,013 - INFO - hypothesis_tool - generate_sample:66 - Sample of size 5000 saved to input2-Jan07-25-all_sample.csv
2025-04-02 13:06:22,013 - INFO - hypothesis_tool - run_bootstrap_test:67 - Starting bootstrapping for both samples...
2025-04-02 13:06:22,013 - ERROR - hypothesis_tool - main:59 - [Error] could not convert string to float: 'input1-Dec1-24-all_sample.csv'
2025-04-02 13:07:55,000 - DEBUG - hypothesis_tool - setup_logger:30 - Logger initialized.
2025-04-02 13:07:55,040 - INFO - hypothesis_tool - validate_and_clean:42 - Cleaned data saved to input1-Dec1-24-all_cleaned.csv
2025-04-02 13:07:55,087 - INFO - hypothesis_tool - validate_and_clean:42 - Cleaned data saved to input2-Jan07-25-all_cleaned.csv
2025-04-02 13:07:55,157 - INFO - hypothesis_tool - run_descriptive_analysis:55 - Descriptive analysis completed for input1-Dec1-24-all_cleaned.csv
2025-04-02 13:07:55,198 - INFO - hypothesis_tool - run_descriptive_analysis:55 - Descriptive analysis completed for input2-Jan07-25-all_cleaned.csv
2025-04-02 13:07:55,209 - INFO - hypothesis_tool - generate_sample:66 - Sample of size 5000 saved to input1-Dec1-24-all_sample.csv
2025-04-02 13:07:55,221 - INFO - hypothesis_tool - generate_sample:66 - Sample of size 5000 saved to input2-Jan07-25-all_sample.csv
2025-04-02 13:07:55,221 - INFO - hypothesis_tool - run_bootstrap_test:67 - Starting bootstrapping for both samples...
2025-04-02 13:07:55,221 - ERROR - hypothesis_tool - main:59 - [Error] could not convert string to float: 'input1-Dec1-24-all_sample.csv'
2025-04-02 13:23:15,046 - DEBUG - hypothesis_tool - setup_logger:30 - Logger initialized.
2025-04-02 13:23:15,117 - INFO - hypothesis_tool - validate_and_clean:42 - Cleaned data saved to input1-Dec1-24-all_cleaned.csv
2025-04-02 13:23:15,165 - INFO - hypothesis_tool - validate_and_clean:42 - Cleaned data saved to input2-Jan07-25-all_cleaned.csv
2025-04-02 13:23:15,233 - INFO - hypothesis_tool - run_descriptive_analysis:55 - Descriptive analysis completed for input1-Dec1-24-all_cleaned.csv
2025-04-02 13:23:15,271 - INFO - hypothesis_tool - run_descriptive_analysis:55 - Descriptive analysis completed for input2-Jan07-25-all_cleaned.csv
2025-04-02 13:23:15,282 - INFO - hypothesis_tool - generate_sample:66 - Sample of size 5000 saved to input1-Dec1-24-all_sample.csv
2025-04-02 13:23:15,296 - INFO - hypothesis_tool - generate_sample:66 - Sample of size 5000 saved to input2-Jan07-25-all_sample.csv
2025-04-02 13:23:15,297 - INFO - hypothesis_tool - run_bootstrap_test:67 - Starting bootstrapping for both samples...
2025-04-02 13:23:15,297 - ERROR - hypothesis_tool - main:59 - [Error] a must be 1-dimensional or an integer
2025-04-02 13:26:40,916 - DEBUG - hypothesis_tool - setup_logger:30 - Logger initialized.
2025-04-02 13:26:40,957 - INFO - hypothesis_tool - validate_and_clean:42 - Cleaned data saved to input1-Dec1-24-all_cleaned.csv
2025-04-02 13:26:41,004 - INFO - hypothesis_tool - validate_and_clean:42 - Cleaned data saved to input2-Jan07-25-all_cleaned.csv
2025-04-02 13:26:41,082 - INFO - hypothesis_tool - run_descriptive_analysis:55 - Descriptive analysis completed for input1-Dec1-24-all_cleaned.csv
2025-04-02 13:26:41,123 - INFO - hypothesis_tool - run_descriptive_analysis:55 - Descriptive analysis completed for input2-Jan07-25-all_cleaned.csv
2025-04-02 13:26:41,135 - INFO - hypothesis_tool - generate_sample:66 - Sample of size 5000 saved to input1-Dec1-24-all_sample.csv
2025-04-02 13:26:41,147 - INFO - hypothesis_tool - generate_sample:66 - Sample of size 5000 saved to input2-Jan07-25-all_sample.csv
2025-04-02 13:26:41,147 - INFO - hypothesis_tool - run_bootstrap_test:67 - Starting bootstrapping for both samples...
2025-04-02 13:26:41,149 - ERROR - hypothesis_tool - main:59 - [Error] a must be 1-dimensional
2025-04-02 13:32:04,640 - DEBUG - hypothesis_tool - setup_logger:30 - Logger initialized.
2025-04-02 13:32:04,682 - INFO - hypothesis_tool - validate_and_clean:41 - Cleaned data saved to input1-Dec1-24-all_cleaned.csv
2025-04-02 13:32:04,730 - INFO - hypothesis_tool - validate_and_clean:41 - Cleaned data saved to input2-Jan07-25-all_cleaned.csv
2025-04-02 13:32:04,804 - INFO - hypothesis_tool - run_descriptive_analysis:55 - Descriptive analysis completed for input1-Dec1-24-all_cleaned.csv
2025-04-02 13:32:04,846 - INFO - hypothesis_tool - run_descriptive_analysis:55 - Descriptive analysis completed for input2-Jan07-25-all_cleaned.csv
2025-04-02 13:32:04,858 - INFO - hypothesis_tool - generate_sample:65 - Sample of size 5000 saved to input1-Dec1-24-all_sample.csv
2025-04-02 13:32:04,872 - INFO - hypothesis_tool - generate_sample:65 - Sample of size 5000 saved to input2-Jan07-25-all_sample.csv
2025-04-02 13:32:04,872 - INFO - hypothesis_tool - run_bootstrap_test:71 - Starting bootstrapping for both samples...
2025-04-02 13:32:04,872 - ERROR - hypothesis_tool - main:59 - [Error] Cannot read data in input1-Dec1-24-all_sample.csv: name 'pd' is not defined
2025-04-02 13:32:26,749 - DEBUG - hypothesis_tool - setup_logger:30 - Logger initialized.
2025-04-02 13:32:26,793 - INFO - hypothesis_tool - validate_and_clean:41 - Cleaned data saved to input1-Dec1-24-all_cleaned.csv
2025-04-02 13:32:26,842 - INFO - hypothesis_tool - validate_and_clean:41 - Cleaned data saved to input2-Jan07-25-all_cleaned.csv
2025-04-02 13:32:26,880 - INFO - hypothesis_tool - run_descriptive_analysis:55 - Descriptive analysis completed for input1-Dec1-24-all_cleaned.csv
2025-04-02 13:32:26,912 - INFO - hypothesis_tool - run_descriptive_analysis:55 - Descriptive analysis completed for input2-Jan07-25-all_cleaned.csv
2025-04-02 13:32:26,924 - INFO - hypothesis_tool - generate_sample:65 - Sample of size 5000 saved to input1-Dec1-24-all_sample.csv
2025-04-02 13:32:26,936 - INFO - hypothesis_tool - generate_sample:65 - Sample of size 5000 saved to input2-Jan07-25-all_sample.csv
2025-04-02 13:32:26,937 - INFO - hypothesis_tool - run_bootstrap_test:71 - Starting bootstrapping for both samples...
2025-04-02 13:32:26,955 - ERROR - hypothesis_tool - main:59 - [Error] a must be 1-dimensional
2025-04-02 14:02:01,747 - DEBUG - hypothesis_tool - setup_logger:30 - Logger initialized.
2025-04-02 14:02:01,793 - INFO - hypothesis_tool - validate_and_clean:41 - Cleaned data saved to input1-Dec1-24-all_cleaned.csv
2025-04-02 14:02:01,841 - INFO - hypothesis_tool - validate_and_clean:41 - Cleaned data saved to input2-Jan07-25-all_cleaned.csv
2025-04-02 14:02:01,879 - INFO - hypothesis_tool - run_descriptive_analysis:55 - Descriptive analysis completed for input1-Dec1-24-all_cleaned.csv
2025-04-02 14:02:01,907 - INFO - hypothesis_tool - run_descriptive_analysis:55 - Descriptive analysis completed for input2-Jan07-25-all_cleaned.csv
2025-04-02 14:02:01,921 - INFO - hypothesis_tool - generate_sample:65 - Sample of size 5000 saved to input1-Dec1-24-all_sample.csv
2025-04-02 14:02:01,934 - INFO - hypothesis_tool - generate_sample:65 - Sample of size 5000 saved to input2-Jan07-25-all_sample.csv
2025-04-02 14:02:01,935 - INFO - hypothesis_tool - run_bootstrap_test:71 - Starting bootstrapping for both samples...
2025-04-02 14:02:24,053 - ERROR - hypothesis_tool - main:59 - [Error] a must be 1-dimensional
2025-04-02 14:02:48,458 - DEBUG - hypothesis_tool - setup_logger:30 - Logger initialized.
2025-04-02 14:02:48,500 - INFO - hypothesis_tool - validate_and_clean:41 - Cleaned data saved to input1-Dec1-24-all_cleaned.csv
2025-04-02 14:02:48,552 - INFO - hypothesis_tool - validate_and_clean:41 - Cleaned data saved to input2-Jan07-25-all_cleaned.csv
2025-04-02 14:02:48,624 - INFO - hypothesis_tool - run_descriptive_analysis:55 - Descriptive analysis completed for input1-Dec1-24-all_cleaned.csv
2025-04-02 14:02:48,647 - INFO - hypothesis_tool - run_descriptive_analysis:55 - Descriptive analysis completed for input2-Jan07-25-all_cleaned.csv
2025-04-02 14:02:48,658 - INFO - hypothesis_tool - generate_sample:65 - Sample of size 5000 saved to input1-Dec1-24-all_sample.csv
2025-04-02 14:02:48,671 - INFO - hypothesis_tool - generate_sample:65 - Sample of size 5000 saved to input2-Jan07-25-all_sample.csv
2025-04-02 14:02:48,671 - INFO - hypothesis_tool - run_bootstrap_test:71 - Starting bootstrapping for both samples...
2025-04-02 14:05:20,893 - ERROR - hypothesis_tool - main:59 - [Error] a must be 1-dimensional
2025-04-02 14:09:06,274 - DEBUG - hypothesis_tool - setup_logger:30 - Logger initialized.
2025-04-02 14:09:06,313 - INFO - hypothesis_tool - validate_and_clean:41 - Cleaned data saved to input1-Dec1-24-all_cleaned.csv
2025-04-02 14:09:06,363 - INFO - hypothesis_tool - validate_and_clean:41 - Cleaned data saved to input2-Jan07-25-all_cleaned.csv
2025-04-02 14:09:06,390 - INFO - hypothesis_tool - run_descriptive_analysis:55 - Descriptive analysis completed for input1-Dec1-24-all_cleaned.csv
2025-04-02 14:09:06,417 - INFO - hypothesis_tool - run_descriptive_analysis:55 - Descriptive analysis completed for input2-Jan07-25-all_cleaned.csv
2025-04-02 14:09:06,428 - INFO - hypothesis_tool - generate_sample:65 - Sample of size 5000 saved to input1-Dec1-24-all_sample.csv
2025-04-02 14:09:06,440 - INFO - hypothesis_tool - generate_sample:65 - Sample of size 5000 saved to input2-Jan07-25-all_sample.csv
2025-04-02 14:09:06,440 - INFO - hypothesis_tool - run_bootstrap_test:72 - Starting bootstrapping for both samples...
2025-04-02 14:09:06,777 - INFO - hypothesis_tool - run_bootstrap_test:76 - Running P95 comparison...
2025-04-02 14:09:06,777 - INFO - hypothesis_tool - run_bootstrap_test:79 - Bootstrapping and comparison completed.
2025-04-02 14:10:20,289 - DEBUG - hypothesis_tool - setup_logger:30 - Logger initialized.
2025-04-02 14:10:20,333 - INFO - hypothesis_tool - validate_and_clean:41 - Cleaned data saved to input1-Dec1-24-all_cleaned.csv
2025-04-02 14:10:20,384 - INFO - hypothesis_tool - validate_and_clean:41 - Cleaned data saved to input2-Jan07-25-all_cleaned.csv
2025-04-02 14:10:20,448 - INFO - hypothesis_tool - run_descriptive_analysis:55 - Descriptive analysis completed for input1-Dec1-24-all_cleaned.csv
2025-04-02 14:10:20,486 - INFO - hypothesis_tool - run_descriptive_analysis:55 - Descriptive analysis completed for input2-Jan07-25-all_cleaned.csv
2025-04-02 14:10:20,499 - INFO - hypothesis_tool - generate_sample:65 - Sample of size 5000 saved to input1-Dec1-24-all_sample.csv
2025-04-02 14:10:20,512 - INFO - hypothesis_tool - generate_sample:65 - Sample of size 5000 saved to input2-Jan07-25-all_sample.csv
2025-04-02 14:10:20,513 - INFO - hypothesis_tool - run_bootstrap_test:72 - Starting bootstrapping for both samples...
2025-04-02 14:10:21,099 - INFO - hypothesis_tool - run_bootstrap_test:76 - Running P95 comparison...
2025-04-02 14:10:35,479 - INFO - hypothesis_tool - run_bootstrap_test:79 - Bootstrapping and comparison completed.
2025-04-02 14:11:30,959 - DEBUG - hypothesis_tool - setup_logger:30 - Logger initialized.
2025-04-02 14:11:31,003 - INFO - hypothesis_tool - validate_and_clean:41 - Cleaned data saved to input1-Dec1-24-all_cleaned.csv
2025-04-02 14:11:31,049 - INFO - hypothesis_tool - validate_and_clean:41 - Cleaned data saved to input2-Jan07-25-all_cleaned.csv
2025-04-02 14:11:31,073 - INFO - hypothesis_tool - run_descriptive_analysis:55 - Descriptive analysis completed for input1-Dec1-24-all_cleaned.csv
2025-04-02 14:11:31,092 - INFO - hypothesis_tool - run_descriptive_analysis:55 - Descriptive analysis completed for input2-Jan07-25-all_cleaned.csv
2025-04-02 14:11:31,103 - INFO - hypothesis_tool - generate_sample:65 - Sample of size 5000 saved to input1-Dec1-24-all_sample.csv
2025-04-02 14:11:31,116 - INFO - hypothesis_tool - generate_sample:65 - Sample of size 5000 saved to input2-Jan07-25-all_sample.csv
2025-04-02 14:11:31,116 - INFO - hypothesis_tool - run_bootstrap_test:72 - Starting bootstrapping for both samples...
2025-04-02 14:11:31,716 - INFO - hypothesis_tool - run_bootstrap_test:76 - Running P95 comparison...
2025-04-02 14:21:49,560 - DEBUG - hypothesis_tool - setup_logger:30 - Logger initialized.
2025-04-02 14:21:49,602 - INFO - hypothesis_tool - validate_and_clean:41 - Cleaned data saved to input1-Dec1-24-all_cleaned.csv
2025-04-02 14:21:49,649 - INFO - hypothesis_tool - validate_and_clean:41 - Cleaned data saved to input2-Jan07-25-all_cleaned.csv
2025-04-02 14:21:49,701 - INFO - hypothesis_tool - run_descriptive_analysis:55 - Descriptive analysis completed for input1-Dec1-24-all_cleaned.csv
2025-04-02 14:21:49,746 - INFO - hypothesis_tool - run_descriptive_analysis:55 - Descriptive analysis completed for input2-Jan07-25-all_cleaned.csv
2025-04-02 14:21:49,759 - INFO - hypothesis_tool - generate_sample:65 - Sample of size 5000 saved to input1-Dec1-24-all_sample.csv
2025-04-02 14:21:49,771 - INFO - hypothesis_tool - generate_sample:65 - Sample of size 5000 saved to input2-Jan07-25-all_sample.csv
2025-04-02 14:21:49,771 - INFO - hypothesis_tool - run_bootstrap_test:75 - Starting bootstrapping for both samples...
2025-04-02 14:21:50,128 - INFO - hypothesis_tool - run_bootstrap_test:79 - Running P95 comparison...
2025-04-02 14:21:50,128 - INFO - hypothesis_tool - run_bootstrap_test:82 - Bootstrapping and comparison completed.
2025-04-02 14:28:45,916 - DEBUG - hypothesis_tool - setup_logger:30 - Logger initialized.
2025-04-02 14:28:45,959 - INFO - hypothesis_tool - validate_and_clean:41 - Cleaned data saved to input1-Dec1-24-all_cleaned.csv
2025-04-02 14:28:46,006 - INFO - hypothesis_tool - validate_and_clean:41 - Cleaned data saved to input2-Jan07-25-all_cleaned.csv
2025-04-02 14:28:46,073 - INFO - hypothesis_tool - run_descriptive_analysis:55 - Descriptive analysis completed for input1-Dec1-24-all_cleaned.csv
2025-04-02 14:28:46,113 - INFO - hypothesis_tool - run_descriptive_analysis:55 - Descriptive analysis completed for input2-Jan07-25-all_cleaned.csv
2025-04-02 14:28:46,124 - INFO - hypothesis_tool - generate_sample:65 - Sample of size 5000 saved to input1-Dec1-24-all_sample.csv
2025-04-02 14:28:46,136 - INFO - hypothesis_tool - generate_sample:65 - Sample of size 5000 saved to input2-Jan07-25-all_sample.csv
2025-04-02 14:28:46,136 - INFO - hypothesis_tool - run_bootstrap_test:75 - Starting bootstrapping for both samples...
2025-04-02 14:28:46,459 - INFO - hypothesis_tool - run_bootstrap_test:79 - Running P95 comparison...
2025-04-02 14:28:46,459 - ERROR - hypothesis_tool - main:59 - [Error] unsupported operand type(s) for /: 'str' and 'int'
2025-04-02 14:29:11,177 - DEBUG - hypothesis_tool - setup_logger:30 - Logger initialized.
2025-04-02 14:29:11,217 - INFO - hypothesis_tool - validate_and_clean:41 - Cleaned data saved to input1-Dec1-24-all_cleaned.csv
2025-04-02 14:29:11,264 - INFO - hypothesis_tool - validate_and_clean:41 - Cleaned data saved to input2-Jan07-25-all_cleaned.csv
2025-04-02 14:29:11,333 - INFO - hypothesis_tool - run_descriptive_analysis:55 - Descriptive analysis completed for input1-Dec1-24-all_cleaned.csv
2025-04-02 14:29:11,377 - INFO - hypothesis_tool - run_descriptive_analysis:55 - Descriptive analysis completed for input2-Jan07-25-all_cleaned.csv
2025-04-02 14:29:11,393 - INFO - hypothesis_tool - generate_sample:65 - Sample of size 5000 saved to input1-Dec1-24-all_sample.csv
2025-04-02 14:29:11,406 - INFO - hypothesis_tool - generate_sample:65 - Sample of size 5000 saved to input2-Jan07-25-all_sample.csv
2025-04-02 14:29:11,406 - INFO - hypothesis_tool - run_bootstrap_test:75 - Starting bootstrapping for both samples...
2025-04-02 14:29:11,748 - INFO - hypothesis_tool - run_bootstrap_test:79 - Running P95 comparison...
2025-04-02 14:29:11,748 - ERROR - hypothesis_tool - main:59 - [Error] Percentiles must be in the range [0, 100]
2025-04-02 14:29:56,859 - DEBUG - hypothesis_tool - setup_logger:30 - Logger initialized.
2025-04-02 14:29:56,900 - INFO - hypothesis_tool - validate_and_clean:41 - Cleaned data saved to input1-Dec1-24-all_cleaned.csv
2025-04-02 14:29:56,972 - INFO - hypothesis_tool - validate_and_clean:41 - Cleaned data saved to input2-Jan07-25-all_cleaned.csv
2025-04-02 14:29:57,019 - INFO - hypothesis_tool - run_descriptive_analysis:55 - Descriptive analysis completed for input1-Dec1-24-all_cleaned.csv
2025-04-02 14:29:57,047 - INFO - hypothesis_tool - run_descriptive_analysis:55 - Descriptive analysis completed for input2-Jan07-25-all_cleaned.csv
2025-04-02 14:29:57,072 - INFO - hypothesis_tool - generate_sample:65 - Sample of size 5000 saved to input1-Dec1-24-all_sample.csv
2025-04-02 14:29:57,090 - INFO - hypothesis_tool - generate_sample:65 - Sample of size 5000 saved to input2-Jan07-25-all_sample.csv
2025-04-02 14:29:57,090 - INFO - hypothesis_tool - run_bootstrap_test:75 - Starting bootstrapping for both samples...
2025-04-02 14:29:57,434 - INFO - hypothesis_tool - run_bootstrap_test:79 - Running P95 comparison...
2025-04-02 14:29:57,434 - INFO - hypothesis_tool - run_bootstrap_test:82 - Bootstrapping and comparison completed.
2025-04-02 14:30:26,901 - DEBUG - hypothesis_tool - setup_logger:30 - Logger initialized.
2025-04-02 14:30:26,943 - INFO - hypothesis_tool - validate_and_clean:41 - Cleaned data saved to input1-Dec1-24-all_cleaned.csv
2025-04-02 14:30:26,991 - INFO - hypothesis_tool - validate_and_clean:41 - Cleaned data saved to input2-Jan07-25-all_cleaned.csv
2025-04-02 14:30:27,065 - INFO - hypothesis_tool - run_descriptive_analysis:55 - Descriptive analysis completed for input1-Dec1-24-all_cleaned.csv
2025-04-02 14:30:27,089 - INFO - hypothesis_tool - run_descriptive_analysis:55 - Descriptive analysis completed for input2-Jan07-25-all_cleaned.csv
2025-04-02 14:30:27,101 - INFO - hypothesis_tool - generate_sample:65 - Sample of size 5000 saved to input1-Dec1-24-all_sample.csv
2025-04-02 14:30:27,116 - INFO - hypothesis_tool - generate_sample:65 - Sample of size 5000 saved to input2-Jan07-25-all_sample.csv
2025-04-02 14:30:27,116 - INFO - hypothesis_tool - run_bootstrap_test:74 - Starting bootstrapping for both samples...
2025-04-02 14:30:27,472 - INFO - hypothesis_tool - run_bootstrap_test:78 - Running P95 comparison...
2025-04-02 14:30:27,472 - INFO - hypothesis_tool - run_bootstrap_test:81 - Bootstrapping and comparison completed.
2025-04-02 14:35:08,505 - DEBUG - hypothesis_tool - setup_logger:30 - Logger initialized.
2025-04-02 14:35:08,545 - INFO - hypothesis_tool - validate_and_clean:41 - Cleaned data saved to input1-Dec1-24-all_cleaned.csv
2025-04-02 14:35:08,594 - INFO - hypothesis_tool - validate_and_clean:41 - Cleaned data saved to input2-Jan07-25-all_cleaned.csv
2025-04-02 14:35:08,671 - INFO - hypothesis_tool - run_descriptive_analysis:55 - Descriptive analysis completed for input1-Dec1-24-all_cleaned.csv
2025-04-02 14:35:08,690 - INFO - hypothesis_tool - run_descriptive_analysis:55 - Descriptive analysis completed for input2-Jan07-25-all_cleaned.csv
2025-04-02 14:35:08,701 - INFO - hypothesis_tool - generate_sample:65 - Sample of size 5000 saved to input1-Dec1-24-all_sample.csv
2025-04-02 14:35:08,712 - INFO - hypothesis_tool - generate_sample:65 - Sample of size 5000 saved to input2-Jan07-25-all_sample.csv
2025-04-02 14:35:08,713 - INFO - hypothesis_tool - run_bootstrap_test:74 - Starting bootstrapping for both samples...
2025-04-02 14:35:09,039 - INFO - hypothesis_tool - run_bootstrap_test:78 - Running P95 comparison...
2025-04-02 14:35:09,039 - INFO - hypothesis_tool - run_bootstrap_test:81 - Bootstrapping and comparison completed.
2025-04-02 14:37:03,979 - DEBUG - hypothesis_tool - setup_logger:30 - Logger initialized.
2025-04-02 14:37:04,024 - INFO - hypothesis_tool - validate_and_clean:41 - Cleaned data saved to input1-Dec1-24-all_cleaned.csv
2025-04-02 14:37:04,071 - INFO - hypothesis_tool - validate_and_clean:41 - Cleaned data saved to input2-Jan07-25-all_cleaned.csv
2025-04-02 14:37:04,132 - INFO - hypothesis_tool - run_descriptive_analysis:55 - Descriptive analysis completed for input1-Dec1-24-all_cleaned.csv
2025-04-02 14:37:04,167 - INFO - hypothesis_tool - run_descriptive_analysis:55 - Descriptive analysis completed for input2-Jan07-25-all_cleaned.csv
2025-04-02 14:37:04,178 - INFO - hypothesis_tool - generate_sample:65 - Sample of size 5000 saved to input1-Dec1-24-all_sample.csv
2025-04-02 14:37:04,192 - INFO - hypothesis_tool - generate_sample:65 - Sample of size 5000 saved to input2-Jan07-25-all_sample.csv
2025-04-02 14:37:04,192 - INFO - hypothesis_tool - run_bootstrap_test:74 - Starting bootstrapping for both samples...
2025-04-02 14:37:04,542 - INFO - hypothesis_tool - run_bootstrap_test:78 - Running P95 comparison...
2025-04-02 14:37:04,543 - INFO - hypothesis_tool - run_bootstrap_test:81 - Bootstrapping and comparison completed.
2025-04-02 14:39:49,402 - DEBUG - hypothesis_tool - setup_logger:30 - Logger initialized.
2025-04-02 14:39:49,448 - INFO - hypothesis_tool - validate_and_clean:41 - Cleaned data saved to input1-Dec1-24-all_cleaned.csv
2025-04-02 14:39:49,499 - INFO - hypothesis_tool - validate_and_clean:41 - Cleaned data saved to input2-Jan07-25-all_cleaned.csv
2025-04-02 14:39:49,567 - INFO - hypothesis_tool - run_descriptive_analysis:55 - Descriptive analysis completed for input1-Dec1-24-all_cleaned.csv
2025-04-02 14:39:49,607 - INFO - hypothesis_tool - run_descriptive_analysis:55 - Descriptive analysis completed for input2-Jan07-25-all_cleaned.csv
2025-04-02 14:39:49,617 - INFO - hypothesis_tool - generate_sample:65 - Sample of size 5000 saved to input1-Dec1-24-all_sample.csv
2025-04-02 14:39:49,630 - INFO - hypothesis_tool - generate_sample:65 - Sample of size 5000 saved to input2-Jan07-25-all_sample.csv
2025-04-02 14:39:49,630 - INFO - hypothesis_tool - run_bootstrap_test:74 - Starting bootstrapping for both samples...
2025-04-02 14:39:49,991 - INFO - hypothesis_tool - run_bootstrap_test:78 - Running P95 comparison...
2025-04-02 14:39:49,992 - INFO - hypothesis_tool - run_bootstrap_test:81 - Bootstrapping and comparison completed.
2025-04-02 14:41:10,274 - DEBUG - hypothesis_tool - setup_logger:30 - Logger initialized.
2025-04-02 14:41:10,316 - INFO - hypothesis_tool - validate_and_clean:41 - Cleaned data saved to input1-Dec1-24-all_cleaned.csv
2025-04-02 14:41:10,363 - INFO - hypothesis_tool - validate_and_clean:41 - Cleaned data saved to input2-Jan07-25-all_cleaned.csv
2025-04-02 14:41:10,425 - INFO - hypothesis_tool - run_descriptive_analysis:55 - Descriptive analysis completed for input1-Dec1-24-all_cleaned.csv
2025-04-02 14:41:10,462 - INFO - hypothesis_tool - run_descriptive_analysis:55 - Descriptive analysis completed for input2-Jan07-25-all_cleaned.csv
2025-04-02 14:41:10,475 - INFO - hypothesis_tool - generate_sample:65 - Sample of size 5000 saved to input1-Dec1-24-all_sample.csv
2025-04-02 14:41:10,489 - INFO - hypothesis_tool - generate_sample:65 - Sample of size 5000 saved to input2-Jan07-25-all_sample.csv
2025-04-02 14:41:10,489 - INFO - hypothesis_tool - run_bootstrap_test:74 - Starting bootstrapping for both samples...
2025-04-02 14:41:10,811 - INFO - hypothesis_tool - run_bootstrap_test:78 - Running P95 comparison...
2025-04-02 14:41:10,811 - INFO - hypothesis_tool - run_bootstrap_test:81 - Bootstrapping and comparison completed.
